[  0%] Built target sensor_msgs_generate_messages_cpp
[  0%] Built target std_msgs_generate_messages_lisp
[  0%] Built target std_msgs_generate_messages_py
[  0%] Built target bond_generate_messages_nodejs
[  0%] Built target std_msgs_generate_messages_cpp
[  6%] Built target spinnaker_sdk_camera_driver_gencfg
[  6%] Built target std_msgs_generate_messages_eus
[  6%] Built target roscpp_generate_messages_lisp
[  6%] Built target dynamic_reconfigure_generate_messages_lisp
[  6%] Built target rosgraph_msgs_generate_messages_lisp
[  6%] Built target dynamic_reconfigure_generate_messages_nodejs
[  6%] Built target rosgraph_msgs_generate_messages_py
[  6%] Built target sensor_msgs_generate_messages_eus
[  6%] Built target roscpp_generate_messages_nodejs
[  6%] Built target rosgraph_msgs_generate_messages_nodejs
[  6%] Built target nodelet_generate_messages_lisp
[  6%] Built target rosgraph_msgs_generate_messages_cpp
[  6%] Built target bond_generate_messages_cpp
[  6%] Built target _spinnaker_sdk_camera_driver_generate_messages_check_deps_SpinnakerImageNames
[  6%] Built target geometry_msgs_generate_messages_lisp
[  6%] Built target dynamic_reconfigure_generate_messages_cpp
[  6%] Built target bond_generate_messages_py
[  6%] Built target nodelet_generate_messages_cpp
[  6%] Built target roscpp_generate_messages_cpp
[  6%] Built target nodelet_generate_messages_py
[  6%] Built target geometry_msgs_generate_messages_eus
[  6%] Built target geometry_msgs_generate_messages_nodejs
[  6%] Built target rosgraph_msgs_generate_messages_eus
[  6%] Built target roscpp_generate_messages_py
[  6%] Built target sensor_msgs_generate_messages_lisp
[  6%] Built target dynamic_reconfigure_generate_messages_py
[  6%] Built target sensor_msgs_generate_messages_nodejs
[  6%] Built target geometry_msgs_generate_messages_cpp
[  6%] Built target sensor_msgs_generate_messages_py
[  6%] Built target geometry_msgs_generate_messages_py
[  6%] Built target std_msgs_generate_messages_nodejs
[  6%] Built target dynamic_reconfigure_generate_messages_eus
[  6%] Built target dynamic_reconfigure_gencfg
[  6%] Built target roscpp_generate_messages_eus
[  6%] Built target nodelet_generate_messages_nodejs
[  6%] Built target nodelet_generate_messages_eus
[  6%] Built target bond_generate_messages_eus
[  6%] Built target bond_generate_messages_lisp
[ 20%] Built target spinnaker_sdk_camera_driver_generate_messages_py
[ 26%] Built target spinnaker_sdk_camera_driver_generate_messages_cpp
[ 33%] Built target spinnaker_sdk_camera_driver_generate_messages_lisp
[ 46%] Built target spinnaker_sdk_camera_driver_generate_messages_eus
[ 53%] Built target spinnaker_sdk_camera_driver_generate_messages_nodejs
[ 53%] Built target spinnaker_sdk_camera_driver_generate_messages
[35m[1mScanning dependencies of target acquilib[0m
[ 66%] Built target subscriber_example
[ 73%] [32mBuilding CXX object CMakeFiles/acquilib.dir/src/capture.cpp.o[0m
[ 80%] [32m[1mLinking CXX shared library /home/stereo/newspin_ws/devel/.private/spinnaker_sdk_camera_driver/lib/libacquilib.so[0m
[ 86%] Built target acquilib
[ 93%] [32m[1mLinking CXX executable /home/stereo/newspin_ws/devel/.private/spinnaker_sdk_camera_driver/lib/spinnaker_sdk_camera_driver/acquisition_node[0m
[100%] Built target acquisition_node
