Linked: (/home/stereo/newspin_ws/devel/.private/spinnaker_sdk_camera_driver/share/gennodejs/ros/spinnaker_sdk_camera_driver/_index.js, /home/stereo/newspin_ws/devel/share/gennodejs/ros/spinnaker_sdk_camera_driver/_index.js)
Linked: (/home/stereo/newspin_ws/devel/.private/spinnaker_sdk_camera_driver/share/gennodejs/ros/spinnaker_sdk_camera_driver/msg/SpinnakerImageNames.js, /home/stereo/newspin_ws/devel/share/gennodejs/ros/spinnaker_sdk_camera_driver/msg/SpinnakerImageNames.js)
Linked: (/home/stereo/newspin_ws/devel/.private/spinnaker_sdk_camera_driver/share/gennodejs/ros/spinnaker_sdk_camera_driver/msg/_index.js, /home/stereo/newspin_ws/devel/share/gennodejs/ros/spinnaker_sdk_camera_driver/msg/_index.js)
Linked: (/home/stereo/newspin_ws/devel/.private/spinnaker_sdk_camera_driver/share/roseus/ros/spinnaker_sdk_camera_driver/manifest.l, /home/stereo/newspin_ws/devel/share/roseus/ros/spinnaker_sdk_camera_driver/manifest.l)
Linked: (/home/stereo/newspin_ws/devel/.private/spinnaker_sdk_camera_driver/share/roseus/ros/spinnaker_sdk_camera_driver/msg/SpinnakerImageNames.l, /home/stereo/newspin_ws/devel/share/roseus/ros/spinnaker_sdk_camera_driver/msg/SpinnakerImageNames.l)
Linked: (/home/stereo/newspin_ws/devel/.private/spinnaker_sdk_camera_driver/share/common-lisp/ros/spinnaker_sdk_camera_driver/msg/_package.lisp, /home/stereo/newspin_ws/devel/share/common-lisp/ros/spinnaker_sdk_camera_driver/msg/_package.lisp)
Linked: (/home/stereo/newspin_ws/devel/.private/spinnaker_sdk_camera_driver/share/common-lisp/ros/spinnaker_sdk_camera_driver/msg/spinnaker_sdk_camera_driver-msg.asd, /home/stereo/newspin_ws/devel/share/common-lisp/ros/spinnaker_sdk_camera_driver/msg/spinnaker_sdk_camera_driver-msg.asd)
Linked: (/home/stereo/newspin_ws/devel/.private/spinnaker_sdk_camera_driver/share/common-lisp/ros/spinnaker_sdk_camera_driver/msg/SpinnakerImageNames.lisp, /home/stereo/newspin_ws/devel/share/common-lisp/ros/spinnaker_sdk_camera_driver/msg/SpinnakerImageNames.lisp)
Linked: (/home/stereo/newspin_ws/devel/.private/spinnaker_sdk_camera_driver/share/common-lisp/ros/spinnaker_sdk_camera_driver/msg/_package_SpinnakerImageNames.lisp, /home/stereo/newspin_ws/devel/share/common-lisp/ros/spinnaker_sdk_camera_driver/msg/_package_SpinnakerImageNames.lisp)
Linked: (/home/stereo/newspin_ws/devel/.private/spinnaker_sdk_camera_driver/share/spinnaker_sdk_camera_driver/cmake/spinnaker_sdk_camera_driverConfig-version.cmake, /home/stereo/newspin_ws/devel/share/spinnaker_sdk_camera_driver/cmake/spinnaker_sdk_camera_driverConfig-version.cmake)
Linked: (/home/stereo/newspin_ws/devel/.private/spinnaker_sdk_camera_driver/share/spinnaker_sdk_camera_driver/cmake/spinnaker_sdk_camera_driver-msg-paths.cmake, /home/stereo/newspin_ws/devel/share/spinnaker_sdk_camera_driver/cmake/spinnaker_sdk_camera_driver-msg-paths.cmake)
Linked: (/home/stereo/newspin_ws/devel/.private/spinnaker_sdk_camera_driver/share/spinnaker_sdk_camera_driver/cmake/spinnaker_sdk_camera_driverConfig.cmake, /home/stereo/newspin_ws/devel/share/spinnaker_sdk_camera_driver/cmake/spinnaker_sdk_camera_driverConfig.cmake)
Linked: (/home/stereo/newspin_ws/devel/.private/spinnaker_sdk_camera_driver/share/spinnaker_sdk_camera_driver/cmake/spinnaker_sdk_camera_driver-msg-extras.cmake, /home/stereo/newspin_ws/devel/share/spinnaker_sdk_camera_driver/cmake/spinnaker_sdk_camera_driver-msg-extras.cmake)
Linked: (/home/stereo/newspin_ws/devel/.private/spinnaker_sdk_camera_driver/share/spinnaker_sdk_camera_driver/docs/spinnaker_camConfig.dox, /home/stereo/newspin_ws/devel/share/spinnaker_sdk_camera_driver/docs/spinnaker_camConfig.dox)
Linked: (/home/stereo/newspin_ws/devel/.private/spinnaker_sdk_camera_driver/share/spinnaker_sdk_camera_driver/docs/spinnaker_camConfig-usage.dox, /home/stereo/newspin_ws/devel/share/spinnaker_sdk_camera_driver/docs/spinnaker_camConfig-usage.dox)
Linked: (/home/stereo/newspin_ws/devel/.private/spinnaker_sdk_camera_driver/share/spinnaker_sdk_camera_driver/docs/spinnaker_camConfig.wikidoc, /home/stereo/newspin_ws/devel/share/spinnaker_sdk_camera_driver/docs/spinnaker_camConfig.wikidoc)
Linked: (/home/stereo/newspin_ws/devel/.private/spinnaker_sdk_camera_driver/include/spinnaker_sdk_camera_driver/spinnaker_camConfig.h, /home/stereo/newspin_ws/devel/include/spinnaker_sdk_camera_driver/spinnaker_camConfig.h)
Linked: (/home/stereo/newspin_ws/devel/.private/spinnaker_sdk_camera_driver/include/spinnaker_sdk_camera_driver/SpinnakerImageNames.h, /home/stereo/newspin_ws/devel/include/spinnaker_sdk_camera_driver/SpinnakerImageNames.h)
Linked: (/home/stereo/newspin_ws/devel/.private/spinnaker_sdk_camera_driver/lib/libacquilib.so, /home/stereo/newspin_ws/devel/lib/libacquilib.so)
Linked: (/home/stereo/newspin_ws/devel/.private/spinnaker_sdk_camera_driver/lib/libsubscriber_example.so, /home/stereo/newspin_ws/devel/lib/libsubscriber_example.so)
Linked: (/home/stereo/newspin_ws/devel/.private/spinnaker_sdk_camera_driver/lib/pkgconfig/spinnaker_sdk_camera_driver.pc, /home/stereo/newspin_ws/devel/lib/pkgconfig/spinnaker_sdk_camera_driver.pc)
Linked: (/home/stereo/newspin_ws/devel/.private/spinnaker_sdk_camera_driver/lib/python2.7/dist-packages/spinnaker_sdk_camera_driver/__init__.py, /home/stereo/newspin_ws/devel/lib/python2.7/dist-packages/spinnaker_sdk_camera_driver/__init__.py)
Linked: (/home/stereo/newspin_ws/devel/.private/spinnaker_sdk_camera_driver/lib/python2.7/dist-packages/spinnaker_sdk_camera_driver/msg/__init__.py, /home/stereo/newspin_ws/devel/lib/python2.7/dist-packages/spinnaker_sdk_camera_driver/msg/__init__.py)
Linked: (/home/stereo/newspin_ws/devel/.private/spinnaker_sdk_camera_driver/lib/python2.7/dist-packages/spinnaker_sdk_camera_driver/msg/_SpinnakerImageNames.py, /home/stereo/newspin_ws/devel/lib/python2.7/dist-packages/spinnaker_sdk_camera_driver/msg/_SpinnakerImageNames.py)
Linked: (/home/stereo/newspin_ws/devel/.private/spinnaker_sdk_camera_driver/lib/python2.7/dist-packages/spinnaker_sdk_camera_driver/cfg/__init__.py, /home/stereo/newspin_ws/devel/lib/python2.7/dist-packages/spinnaker_sdk_camera_driver/cfg/__init__.py)
Linked: (/home/stereo/newspin_ws/devel/.private/spinnaker_sdk_camera_driver/lib/python2.7/dist-packages/spinnaker_sdk_camera_driver/cfg/spinnaker_camConfig.py, /home/stereo/newspin_ws/devel/lib/python2.7/dist-packages/spinnaker_sdk_camera_driver/cfg/spinnaker_camConfig.py)
Linked: (/home/stereo/newspin_ws/devel/.private/spinnaker_sdk_camera_driver/lib/spinnaker_sdk_camera_driver/acquisition_node, /home/stereo/newspin_ws/devel/lib/spinnaker_sdk_camera_driver/acquisition_node)
