[  0%] Built target std_msgs_generate_messages_lisp
[  0%] Built target sensor_msgs_generate_messages_cpp
[  0%] Built target std_msgs_generate_messages_eus
[  0%] Built target bond_generate_messages_nodejs
[  0%] Built target std_msgs_generate_messages_cpp
[  0%] Built target std_msgs_generate_messages_py
[  0%] Built target roscpp_generate_messages_lisp
[  6%] Built target spinnaker_sdk_camera_driver_gencfg
[  6%] Built target dynamic_reconfigure_generate_messages_lisp
[  6%] Built target rosgraph_msgs_generate_messages_nodejs
[  6%] Built target dynamic_reconfigure_generate_messages_nodejs
[  6%] Built target sensor_msgs_generate_messages_eus
[  6%] Built target roscpp_generate_messages_nodejs
[  6%] Built target rosgraph_msgs_generate_messages_py
[  6%] Built target bond_generate_messages_cpp
[  6%] Built target rosgraph_msgs_generate_messages_lisp
[  6%] Built target rosgraph_msgs_generate_messages_cpp
[  6%] Built target nodelet_generate_messages_lisp
[  6%] Built target _spinnaker_sdk_camera_driver_generate_messages_check_deps_SpinnakerImageNames
[  6%] Built target dynamic_reconfigure_generate_messages_cpp
[  6%] Built target bond_generate_messages_py
[  6%] Built target roscpp_generate_messages_cpp
[  6%] Built target geometry_msgs_generate_messages_nodejs
[  6%] Built target geometry_msgs_generate_messages_lisp
[  6%] Built target nodelet_generate_messages_cpp
[  6%] Built target nodelet_generate_messages_py
[  6%] Built target geometry_msgs_generate_messages_eus
[  6%] Built target rosgraph_msgs_generate_messages_eus
[  6%] Built target roscpp_generate_messages_py
[  6%] Built target std_msgs_generate_messages_nodejs
[  6%] Built target geometry_msgs_generate_messages_cpp
[  6%] Built target dynamic_reconfigure_generate_messages_py
[  6%] Built target sensor_msgs_generate_messages_py
[  6%] Built target dynamic_reconfigure_generate_messages_eus
[  6%] Built target sensor_msgs_generate_messages_lisp
[  6%] Built target sensor_msgs_generate_messages_nodejs
[  6%] Built target geometry_msgs_generate_messages_py
[  6%] Built target dynamic_reconfigure_gencfg
[  6%] Built target roscpp_generate_messages_eus
[ 13%] Built target spinnaker_sdk_camera_driver_generate_messages_nodejs
[ 13%] Built target nodelet_generate_messages_nodejs
[ 13%] Built target bond_generate_messages_lisp
[ 13%] Built target bond_generate_messages_eus
[ 20%] Built target spinnaker_sdk_camera_driver_generate_messages_cpp
[ 33%] Built target spinnaker_sdk_camera_driver_generate_messages_py
[ 33%] Built target nodelet_generate_messages_eus
[ 40%] Built target spinnaker_sdk_camera_driver_generate_messages_lisp
[ 53%] Built target spinnaker_sdk_camera_driver_generate_messages_eus
[ 53%] Built target spinnaker_sdk_camera_driver_generate_messages
[ 66%] Built target subscriber_example
[ 86%] Built target acquilib
[100%] Built target acquisition_node
