Determining if the pthread_create exist failed with the following output:
Change Dir: /home/stereo/newspin_ws/build/depth_image_proc/CMakeFiles/CMakeTmp

Run Build Command:"/usr/bin/make" "cmTC_86a51/fast"
/usr/bin/make -f CMakeFiles/cmTC_86a51.dir/build.make CMakeFiles/cmTC_86a51.dir/build
make[1]: Entering directory '/home/stereo/newspin_ws/build/depth_image_proc/CMakeFiles/CMakeTmp'
Building C object CMakeFiles/cmTC_86a51.dir/CheckSymbolExists.c.o
/usr/bin/cc     -o CMakeFiles/cmTC_86a51.dir/CheckSymbolExists.c.o   -c /home/stereo/newspin_ws/build/depth_image_proc/CMakeFiles/CMakeTmp/CheckSymbolExists.c
Linking C executable cmTC_86a51
/usr/bin/cmake -E cmake_link_script CMakeFiles/cmTC_86a51.dir/link.txt --verbose=1
/usr/bin/cc       CMakeFiles/cmTC_86a51.dir/CheckSymbolExists.c.o  -o cmTC_86a51 -rdynamic 
CMakeFiles/cmTC_86a51.dir/CheckSymbolExists.c.o: In function `main':
CheckSymbolExists.c:(.text+0x16): undefined reference to `pthread_create'
collect2: error: ld returned 1 exit status
CMakeFiles/cmTC_86a51.dir/build.make:97: recipe for target 'cmTC_86a51' failed
make[1]: *** [cmTC_86a51] Error 1
make[1]: Leaving directory '/home/stereo/newspin_ws/build/depth_image_proc/CMakeFiles/CMakeTmp'
Makefile:126: recipe for target 'cmTC_86a51/fast' failed
make: *** [cmTC_86a51/fast] Error 2

File /home/stereo/newspin_ws/build/depth_image_proc/CMakeFiles/CMakeTmp/CheckSymbolExists.c:
/* */
#include <pthread.h>

int main(int argc, char** argv)
{
  (void)argv;
#ifndef pthread_create
  return ((int*)(&pthread_create))[argc];
#else
  (void)argc;
  return 0;
#endif
}

Determining if the function pthread_create exists in the pthreads failed with the following output:
Change Dir: /home/stereo/newspin_ws/build/depth_image_proc/CMakeFiles/CMakeTmp

Run Build Command:"/usr/bin/make" "cmTC_410bf/fast"
/usr/bin/make -f CMakeFiles/cmTC_410bf.dir/build.make CMakeFiles/cmTC_410bf.dir/build
make[1]: Entering directory '/home/stereo/newspin_ws/build/depth_image_proc/CMakeFiles/CMakeTmp'
Building C object CMakeFiles/cmTC_410bf.dir/CheckFunctionExists.c.o
/usr/bin/cc    -DCHECK_FUNCTION_EXISTS=pthread_create   -o CMakeFiles/cmTC_410bf.dir/CheckFunctionExists.c.o   -c /usr/share/cmake-3.5/Modules/CheckFunctionExists.c
Linking C executable cmTC_410bf
/usr/bin/cmake -E cmake_link_script CMakeFiles/cmTC_410bf.dir/link.txt --verbose=1
/usr/bin/cc   -DCHECK_FUNCTION_EXISTS=pthread_create    CMakeFiles/cmTC_410bf.dir/CheckFunctionExists.c.o  -o cmTC_410bf -rdynamic -lpthreads 
/usr/bin/ld: cannot find -lpthreads
collect2: error: ld returned 1 exit status
CMakeFiles/cmTC_410bf.dir/build.make:97: recipe for target 'cmTC_410bf' failed
make[1]: *** [cmTC_410bf] Error 1
make[1]: Leaving directory '/home/stereo/newspin_ws/build/depth_image_proc/CMakeFiles/CMakeTmp'
Makefile:126: recipe for target 'cmTC_410bf/fast' failed
make: *** [cmTC_410bf/fast] Error 2


