Determining if the pthread_create exist failed with the following output:
Change Dir: /home/stereo/catkin_ws/build/CMakeFiles/CMakeTmp

Run Build Command:"/usr/bin/make" "cmTC_129ac/fast"
/usr/bin/make -f CMakeFiles/cmTC_129ac.dir/build.make CMakeFiles/cmTC_129ac.dir/build
make[1]: Entering directory '/home/stereo/catkin_ws/build/CMakeFiles/CMakeTmp'
Building C object CMakeFiles/cmTC_129ac.dir/CheckSymbolExists.c.o
/usr/bin/cc     -o CMakeFiles/cmTC_129ac.dir/CheckSymbolExists.c.o   -c /home/stereo/catkin_ws/build/CMakeFiles/CMakeTmp/CheckSymbolExists.c
Linking C executable cmTC_129ac
/usr/bin/cmake -E cmake_link_script CMakeFiles/cmTC_129ac.dir/link.txt --verbose=1
/usr/bin/cc       CMakeFiles/cmTC_129ac.dir/CheckSymbolExists.c.o  -o cmTC_129ac -rdynamic 
CMakeFiles/cmTC_129ac.dir/CheckSymbolExists.c.o: In function `main':
CheckSymbolExists.c:(.text+0x16): undefined reference to `pthread_create'
collect2: error: ld returned 1 exit status
CMakeFiles/cmTC_129ac.dir/build.make:97: recipe for target 'cmTC_129ac' failed
make[1]: *** [cmTC_129ac] Error 1
make[1]: Leaving directory '/home/stereo/catkin_ws/build/CMakeFiles/CMakeTmp'
Makefile:126: recipe for target 'cmTC_129ac/fast' failed
make: *** [cmTC_129ac/fast] Error 2

File /home/stereo/catkin_ws/build/CMakeFiles/CMakeTmp/CheckSymbolExists.c:
/* */
#include <pthread.h>

int main(int argc, char** argv)
{
  (void)argv;
#ifndef pthread_create
  return ((int*)(&pthread_create))[argc];
#else
  (void)argc;
  return 0;
#endif
}

Determining if the function pthread_create exists in the pthreads failed with the following output:
Change Dir: /home/stereo/catkin_ws/build/CMakeFiles/CMakeTmp

Run Build Command:"/usr/bin/make" "cmTC_aecce/fast"
/usr/bin/make -f CMakeFiles/cmTC_aecce.dir/build.make CMakeFiles/cmTC_aecce.dir/build
make[1]: Entering directory '/home/stereo/catkin_ws/build/CMakeFiles/CMakeTmp'
Building C object CMakeFiles/cmTC_aecce.dir/CheckFunctionExists.c.o
/usr/bin/cc    -DCHECK_FUNCTION_EXISTS=pthread_create   -o CMakeFiles/cmTC_aecce.dir/CheckFunctionExists.c.o   -c /usr/share/cmake-3.5/Modules/CheckFunctionExists.c
Linking C executable cmTC_aecce
/usr/bin/cmake -E cmake_link_script CMakeFiles/cmTC_aecce.dir/link.txt --verbose=1
/usr/bin/cc   -DCHECK_FUNCTION_EXISTS=pthread_create    CMakeFiles/cmTC_aecce.dir/CheckFunctionExists.c.o  -o cmTC_aecce -rdynamic -lpthreads 
/usr/bin/ld: cannot find -lpthreads
collect2: error: ld returned 1 exit status
CMakeFiles/cmTC_aecce.dir/build.make:97: recipe for target 'cmTC_aecce' failed
make[1]: *** [cmTC_aecce] Error 1
make[1]: Leaving directory '/home/stereo/catkin_ws/build/CMakeFiles/CMakeTmp'
Makefile:126: recipe for target 'cmTC_aecce/fast' failed
make: *** [cmTC_aecce/fast] Error 2


