Determining if the pthread_create exist failed with the following output:
Change Dir: /home/stereo/newspin_ws/build/catkin_tools_prebuild/CMakeFiles/CMakeTmp

Run Build Command:"/usr/bin/make" "cmTC_2e444/fast"
/usr/bin/make -f CMakeFiles/cmTC_2e444.dir/build.make CMakeFiles/cmTC_2e444.dir/build
make[1]: Entering directory '/home/stereo/newspin_ws/build/catkin_tools_prebuild/CMakeFiles/CMakeTmp'
Building C object CMakeFiles/cmTC_2e444.dir/CheckSymbolExists.c.o
/usr/bin/cc     -o CMakeFiles/cmTC_2e444.dir/CheckSymbolExists.c.o   -c /home/stereo/newspin_ws/build/catkin_tools_prebuild/CMakeFiles/CMakeTmp/CheckSymbolExists.c
Linking C executable cmTC_2e444
/usr/bin/cmake -E cmake_link_script CMakeFiles/cmTC_2e444.dir/link.txt --verbose=1
/usr/bin/cc       CMakeFiles/cmTC_2e444.dir/CheckSymbolExists.c.o  -o cmTC_2e444 -rdynamic 
CMakeFiles/cmTC_2e444.dir/CheckSymbolExists.c.o: In function `main':
CheckSymbolExists.c:(.text+0x16): undefined reference to `pthread_create'
collect2: error: ld returned 1 exit status
CMakeFiles/cmTC_2e444.dir/build.make:97: recipe for target 'cmTC_2e444' failed
make[1]: *** [cmTC_2e444] Error 1
make[1]: Leaving directory '/home/stereo/newspin_ws/build/catkin_tools_prebuild/CMakeFiles/CMakeTmp'
Makefile:126: recipe for target 'cmTC_2e444/fast' failed
make: *** [cmTC_2e444/fast] Error 2

File /home/stereo/newspin_ws/build/catkin_tools_prebuild/CMakeFiles/CMakeTmp/CheckSymbolExists.c:
/* */
#include <pthread.h>

int main(int argc, char** argv)
{
  (void)argv;
#ifndef pthread_create
  return ((int*)(&pthread_create))[argc];
#else
  (void)argc;
  return 0;
#endif
}

Determining if the function pthread_create exists in the pthreads failed with the following output:
Change Dir: /home/stereo/newspin_ws/build/catkin_tools_prebuild/CMakeFiles/CMakeTmp

Run Build Command:"/usr/bin/make" "cmTC_f36ae/fast"
/usr/bin/make -f CMakeFiles/cmTC_f36ae.dir/build.make CMakeFiles/cmTC_f36ae.dir/build
make[1]: Entering directory '/home/stereo/newspin_ws/build/catkin_tools_prebuild/CMakeFiles/CMakeTmp'
Building C object CMakeFiles/cmTC_f36ae.dir/CheckFunctionExists.c.o
/usr/bin/cc    -DCHECK_FUNCTION_EXISTS=pthread_create   -o CMakeFiles/cmTC_f36ae.dir/CheckFunctionExists.c.o   -c /usr/share/cmake-3.5/Modules/CheckFunctionExists.c
Linking C executable cmTC_f36ae
/usr/bin/cmake -E cmake_link_script CMakeFiles/cmTC_f36ae.dir/link.txt --verbose=1
/usr/bin/cc   -DCHECK_FUNCTION_EXISTS=pthread_create    CMakeFiles/cmTC_f36ae.dir/CheckFunctionExists.c.o  -o cmTC_f36ae -rdynamic -lpthreads 
/usr/bin/ld: cannot find -lpthreads
collect2: error: ld returned 1 exit status
CMakeFiles/cmTC_f36ae.dir/build.make:97: recipe for target 'cmTC_f36ae' failed
make[1]: *** [cmTC_f36ae] Error 1
make[1]: Leaving directory '/home/stereo/newspin_ws/build/catkin_tools_prebuild/CMakeFiles/CMakeTmp'
Makefile:126: recipe for target 'cmTC_f36ae/fast' failed
make: *** [cmTC_f36ae/fast] Error 2


